Change Component Designator: Old Designator=Buzz? New Designator=Buzz1
Change Component Designator: Old Designator=C? New Designator=C1
Change Component Designator: Old Designator=C? New Designator=C2
Change Component Designator: Old Designator=C? New Designator=C3
Change Component Designator: Old Designator=C? New Designator=C4
Change Component Designator: Old Designator=DC_LEFT? New Designator=DC_LEFT1
Change Component Designator: Old Designator=DS? New Designator=DS1
Change Component Designator: Old Designator=IC? New Designator=IC1
Change Component Designator: Old Designator=LCD? New Designator=LCD1
Change Component Designator: Old Designator=LEDNguon? New Designator=LEDNguon1
Change Component Designator: Old Designator=M? New Designator=M1
Change Component Designator: Old Designator=NguonVDK? New Designator=NguonVDK1
Change Component Designator: Old Designator=R? New Designator=R1
Change Component Designator: Old Designator=R? New Designator=R2
Change Component Designator: Old Designator=R? New Designator=R3
Change Component Designator: Old Designator=R? New Designator=R4
Change Component Designator: Old Designator=R? New Designator=R5
Change Component Designator: Old Designator=R? New Designator=R6
Change Component Designator: Old Designator=R? New Designator=R7
Change Component Designator: Old Designator=SW? New Designator=SW1
Change Component Designator: Old Designator=SW? New Designator=SW2
Change Component Designator: Old Designator=TuGom? New Designator=TuGom1
Change Component Designator: Old Designator=TuHoa? New Designator=TuHoa1
Change Component Designator: Old Designator=U? New Designator=U1
Change Component Designator: Old Designator=VIT? New Designator=VIT1
Change Component Designator: Old Designator=VIT? New Designator=VIT2
Change Component Designator: Old Designator=VIT? New Designator=VIT3
Change Component Designator: Old Designator=VIT? New Designator=VIT4
Change Component Designator: Old Designator=Volum? New Designator=Volum1
Change Component Designator: Old Designator=XacNhan? New Designator=XacNhan1
